Default data plans initialized
??????????????????????????????????????????
?         EMAIL NOTIFICATION            ?
??????????????????????????????????????????
? To: admin@local?
? From: noreply@ispmanagement.com?
? Subject: Welcome to ISP Management S?
??????????????????????????????????????????
? Welcome Admin! Your account has been c?
??????????????????????????????????????????
User registered: User{id='c3aaacb4-ddf9-4d02-907e-5766b7f2d183', username='admin', email='admin@local', role=ADMIN, status=ACTIVE}
Seeded admin user: admin
??????????????????????????????????????????
?         EMAIL NOTIFICATION            ?
??????????????????????????????????????????
? To: customer@local?
? From: noreply@ispmanagement.com?
? Subject: Welcome to ISP Management S?
??????????????????????????????????????????
? Welcome Customer! Your account has bee?
??????????????????????????????????????????
User registered: User{id='99dc142b-c586-4767-a66d-e260e11caf22', username='customer', email='customer@local', role=CUSTOMER, status=ACTIVE}
Customer profile created: CustomerProfile{id='c14e4906-60eb-4dc0-bcee-8716cc6a6a22', userId='99dc142b-c586-4767-a66d-e260e11caf22', fullName='Demo Customer', currentPlan=None, isActive=true}
Seeded demo customer: customer
